0 info it worked if it ends with ok
1 verbose cli [ '/Users/dqin/.nvm/v0.10.33/bin/node',
1 verbose cli   '/Users/dqin/.nvm/v0.10.33/bin/npm',
1 verbose cli   'publish',
1 verbose cli   './' ]
2 info using npm@1.4.28
3 info using node@v0.10.33
4 verbose publish [ './' ]
5 verbose cache add [ './', null ]
6 verbose cache add name=undefined spec="./" args=["./",null]
7 verbose parsed url { protocol: null,
7 verbose parsed url   slashes: null,
7 verbose parsed url   auth: null,
7 verbose parsed url   host: null,
7 verbose parsed url   port: null,
7 verbose parsed url   hostname: null,
7 verbose parsed url   hash: null,
7 verbose parsed url   search: null,
7 verbose parsed url   query: null,
7 verbose parsed url   pathname: './',
7 verbose parsed url   path: './',
7 verbose parsed url   href: './' }
8 silly lockFile 0ee6c175- ./
9 verbose lock ./ /Users/dqin/.npm/0ee6c175-.lock
10 verbose tar pack [ '/Users/dqin/.npm/easy-alipay/0.0.1/package.tgz', './' ]
11 verbose tarball /Users/dqin/.npm/easy-alipay/0.0.1/package.tgz
12 verbose folder ./
13 info prepublish easy-alipay@0.0.1
14 silly lockFile 04cb2bca-tar tar://./
15 verbose lock tar://./ /Users/dqin/.npm/04cb2bca-tar.lock
16 silly lockFile 63a6118f-pm-easy-alipay-0-0-1-package-tgz tar:///Users/dqin/.npm/easy-alipay/0.0.1/package.tgz
17 verbose lock tar:///Users/dqin/.npm/easy-alipay/0.0.1/package.tgz /Users/dqin/.npm/63a6118f-pm-easy-alipay-0-0-1-package-tgz.lock
18 silly lockFile 04cb2bca-tar tar://./
19 silly lockFile 04cb2bca-tar tar://./
20 silly lockFile 63a6118f-pm-easy-alipay-0-0-1-package-tgz tar:///Users/dqin/.npm/easy-alipay/0.0.1/package.tgz
21 silly lockFile 63a6118f-pm-easy-alipay-0-0-1-package-tgz tar:///Users/dqin/.npm/easy-alipay/0.0.1/package.tgz
22 silly lockFile d0ca9a30-in-npm-easy-alipay-0-0-1-package /Users/dqin/.npm/easy-alipay/0.0.1/package
23 verbose lock /Users/dqin/.npm/easy-alipay/0.0.1/package /Users/dqin/.npm/d0ca9a30-in-npm-easy-alipay-0-0-1-package.lock
24 silly lockFile d0ca9a30-in-npm-easy-alipay-0-0-1-package /Users/dqin/.npm/easy-alipay/0.0.1/package
25 silly lockFile d0ca9a30-in-npm-easy-alipay-0-0-1-package /Users/dqin/.npm/easy-alipay/0.0.1/package
26 silly lockFile 0ee6c175- ./
27 silly lockFile 0ee6c175- ./
28 silly publish { name: 'easy-alipay',
28 silly publish   version: '0.0.1',
28 silly publish   description: 'alipay payment & notification APIs',
28 silly publish   main: 'index.js',
28 silly publish   scripts: {},
28 silly publish   keywords: [ 'alipay', 'api' ],
28 silly publish   author: { name: 'Daniel Qin', email: 'taurencoder@gmail.com' },
28 silly publish   license: 'MIT',
28 silly publish   dependencies: { underscore: '^1.7.0', xml2js: '^0.4.5' },
28 silly publish   maintainers: [ { name: 'Daniel', email: 'taurencoder@gmail.com' } ],
28 silly publish   devDependencies: {},
28 silly publish   repository:
28 silly publish    { type: 'git',
28 silly publish      url: 'https://github.com/taurencoder/easy-alipay.git' },
28 silly publish   bugs: { url: 'https://github.com/taurencoder/easy-alipay/issues' },
28 silly publish   homepage: 'https://github.com/taurencoder/easy-alipay',
28 silly publish   readme: 'Alipay payment & notification APIs\n',
28 silly publish   readmeFilename: 'README.md',
28 silly publish   gitHead: 'e210e37ad8d19388eb9eca043acc49d1a11a1a37',
28 silly publish   _id: 'easy-alipay@0.0.1',
28 silly publish   _shasum: '22e91a4e219c10b405b373fff60162bbd7220ee2',
28 silly publish   _from: './' }
29 verbose request where is /easy-alipay
30 verbose request registry https://registry.npmjs.org/
31 verbose request id a3482d074b9a8f38
32 verbose url raw /easy-alipay
33 verbose url resolving [ 'https://registry.npmjs.org/', './easy-alipay' ]
34 verbose url resolved https://registry.npmjs.org/easy-alipay
35 verbose request where is https://registry.npmjs.org/easy-alipay
36 info trying registry request attempt 1 at 08:40:55
37 http PUT https://registry.npmjs.org/easy-alipay
38 http 403 https://registry.npmjs.org/easy-alipay
39 verbose headers { date: 'Tue, 17 Mar 2015 00:40:57 GMT',
39 verbose headers   server: 'CouchDB/1.5.0 (Erlang OTP/R16B03)',
39 verbose headers   'content-type': 'application/json',
39 verbose headers   'cache-control': 'max-age=60',
39 verbose headers   'content-length': '2297',
39 verbose headers   'accept-ranges': 'bytes',
39 verbose headers   via: '1.1 varnish',
39 verbose headers   'x-served-by': 'cache-nrt6127-NRT',
39 verbose headers   'x-cache': 'MISS',
39 verbose headers   'x-cache-hits': '0',
39 verbose headers   'x-timer': 'S1426552857.460371,VS0,VE110',
39 verbose headers   'keep-alive': 'timeout=10, max=50',
39 verbose headers   connection: 'Keep-Alive' }
40 error publish Failed PUT 403
41 error Error: forbidden cannot modify pre-existing version: 0.0.1
41 error old={"name":"easy-alipay","version":"0.0.1","description":"alipay payment & notification APIs","main":"index.js","scripts":{},"keywords":["alipay","api"],"author":{"name":"Daniel Qin","email":"taurencoder@gmail.com"},"license":"MIT","dependencies":{"xml2js":"^0.4.5"},"maintainers":[{"name":"taurencoder","email":"taurencoder@gmail.com"}],"devDependencies":{},"repository":{"type":"git","url":"https://github.com/taurencoder/easy-alipay.git"},"bugs":{"url":"https://github.com/taurencoder/easy-alipay/issues"},"homepage":"https://github.com/taurencoder/easy-alipay","gitHead":"814a10edbab06f2c788499c298b14474746798ef","_id":"easy-alipay@0.0.1","_shasum":"6b3d37ef1bcd7bfd3a8c72181b3a2f91f46e1ae9","_from":"./","_npmVersion":"1.4.28","_npmUser":{"name":"taurencoder","email":"taurencoder@gmail.com"},"dist":{"shasum":"6b3d37ef1bcd7bfd3a8c72181b3a2f91f46e1ae9","tarball":"http://registry.npmjs.org/easy-alipay/-/easy-alipay-0.0.1.tgz"}}
41 error new={"name":"easy-alipay","version":"0.0.1","description":"alipay payment & notification APIs","main":"index.js","scripts":{},"keywords":["alipay","api"],"author":{"name":"Daniel Qin","email":"taurencoder@gmail.com"},"license":"MIT","dependencies":{"underscore":"^1.7.0","xml2js":"^0.4.5"},"maintainers":[{"name":"taurencoder","email":"taurencoder@gmail.com"}],"devDependencies":{},"repository":{"type":"git","url":"https://github.com/taurencoder/easy-alipay.git"},"bugs":{"url":"https://github.com/taurencoder/easy-alipay/issues"},"homepage":"https://github.com/taurencoder/easy-alipay","readme":"Alipay payment & notification APIs\u000a","readmeFilename":"README.md","gitHead":"e210e37ad8d19388eb9eca043acc49d1a11a1a37","_id":"easy-alipay@0.0.1","_shasum":"22e91a4e219c10b405b373fff60162bbd7220ee2","_from":"./","_npmVersion":"1.4.28","_npmUser":{"name":"taurencoder","email":"taurencoder@gmail.com"},"dist":{"shasum":"22e91a4e219c10b405b373fff60162bbd7220ee2","tarball":"http://registry.npmjs.org/easy-alipay/-/easy-alipay-0.0.1.tgz"}}: easy-alipay
41 error     at RegClient.<anonymous> (/Users/dqin/.nvm/v0.10.33/lib/node_modules/npm/node_modules/npm-registry-client/lib/request.js:308:14)
41 error     at Request._callback (/Users/dqin/.nvm/v0.10.33/lib/node_modules/npm/node_modules/npm-registry-client/lib/request.js:246:65)
41 error     at Request.self.callback (/Users/dqin/.nvm/v0.10.33/lib/node_modules/npm/node_modules/request/request.js:236:22)
41 error     at Request.emit (events.js:98:17)
41 error     at Request.<anonymous> (/Users/dqin/.nvm/v0.10.33/lib/node_modules/npm/node_modules/request/request.js:1142:14)
41 error     at Request.emit (events.js:117:20)
41 error     at IncomingMessage.<anonymous> (/Users/dqin/.nvm/v0.10.33/lib/node_modules/npm/node_modules/request/request.js:1096:12)
41 error     at IncomingMessage.emit (events.js:117:20)
41 error     at _stream_readable.js:943:16
41 error     at process._tickCallback (node.js:419:13)
42 error If you need help, you may report this *entire* log,
42 error including the npm and node versions, at:
42 error     <http://github.com/npm/npm/issues>
43 error System Darwin 14.3.0
44 error command "/Users/dqin/.nvm/v0.10.33/bin/node" "/Users/dqin/.nvm/v0.10.33/bin/npm" "publish" "./"
45 error cwd /Users/dqin/workspace/bolt/easy-alipay
46 error node -v v0.10.33
47 error npm -v 1.4.28
48 verbose exit [ 1, true ]
